<?xml version="1.0" encoding="UTF-8"?>
<coverage generated="1543936772474" clover="3.2.0">
  <project timestamp="1543936772474" name="All files">
    <metrics statements="4" coveredstatements="4" conditionals="0" coveredconditionals="0" methods="2" coveredmethods="2" elements="6" coveredelements="6" complexity="0" loc="4" ncloc="4" packages="1" files="2" classes="2">
      <file name="App.js" path="/Users/sarpeirce/Desktop/testing-react/src/App.js">
        <metrics statements="3" coveredstatements="3" conditionals="0" coveredconditionals="0" methods="2" coveredmethods="2"/>
        <line num="5" count="1" type="stmt"/>
        <line num="6" count="1" type="stmt"/>
        <line num="13" count="1" type="stmt"/>
      </file>
      <file name="setupTests.js" path="/Users/sarpeirce/Desktop/testing-react/src/setupTests.js">
        <metrics statements="1" coveredstatements="1" conditionals="0" coveredconditionals="0" methods="0" coveredmethods="0"/>
        <line num="4" count="1" type="stmt"/>
      </file>
    </metrics>
  </project>
</coverage>
