{"/Users/sarpeirce/Desktop/testing-react/src/App.js": {"path":"/Users/sarpeirce/Desktop/testing-react/src/App.js","statementMap":{"0":{"start":{"line":6,"column":4},"end":{"line":6,"column":12}},"1":{"start":{"line":7,"column":4},"end":{"line":10,"column":6}},"2":{"start":{"line":14,"column":19},"end":{"line":14,"column":20}},"3":{"start":{"line":15,"column":19},"end":{"line":15,"column":20}},"4":{"start":{"line":16,"column":30},"end":{"line":16,"column":41}},"5":{"start":{"line":17,"column":4},"end":{"line":23,"column":5}}},"fnMap":{"0":{"name":"(anonymous_0)","decl":{"start":{"line":5,"column":2},"end":{"line":5,"column":3}},"loc":{"start":{"line":5,"column":16},"end":{"line":11,"column":3}},"line":5},"1":{"name":"(anonymous_1)","decl":{"start":{"line":13,"column":2},"end":{"line":13,"column":3}},"loc":{"start":{"line":13,"column":11},"end":{"line":24,"column":3}},"line":13}},"branchMap":{},"s":{"0":3,"1":3,"2":3,"3":3,"4":3,"5":3},"f":{"0":3,"1":3},"b":{},"_coverageSchema":"332fd63041d2c1bcb487cc26dd0d5f7d97098a6c","hash":"4bc7184fa2e3943e6724f13e7ed23fea8eb7e4c5"}
,"/Users/sarpeirce/Desktop/testing-react/src/setupTests.js": {"path":"/Users/sarpeirce/Desktop/testing-react/src/setupTests.js","statementMap":{"0":{"start":{"line":4,"column":0},"end":{"line":4,"column":38}}},"fnMap":{},"branchMap":{},"s":{"0":1},"f":{},"b":{},"_coverageSchema":"332fd63041d2c1bcb487cc26dd0d5f7d97098a6c","hash":"c642dc44019460463775d86a2b467ca3cd2de401"}
}
